#
# There is insufficient memory for the Java Runtime Environment to continue.
# Native memory allocation (malloc) failed to allocate 1048576 bytes for AllocateHeap
# Possible reasons:
#   The system is out of physical RAM or swap space
#   The process is running with CompressedOops enabled, and the Java Heap may be blocking the growth of the native heap
# Possible solutions:
#   Reduce memory load on the system
#   Increase physical memory or swap space
#   Check if swap backing store is full
#   Decrease Java heap size (-Xmx/-Xms)
#   Decrease number of Java threads
#   Decrease Java thread stack sizes (-Xss)
#   Set larger code cache with -XX:ReservedCodeCacheSize=
#   JVM is running with Zero Based Compressed Oops mode in which the Java heap is
#     placed in the first 32GB address space. The Java Heap base address is the
#     maximum limit for the native heap growth. Please use -XX:HeapBaseMinAddress
#     to set the Java Heap base and to place the Java Heap above 32GB virtual address.
# This output file may be truncated or incomplete.
#
#  Out of Memory Error (memory/allocation.inline.hpp:61), pid=8612, tid=0x000000000001502c
#
# JRE version:  (8.0_341-b10) (build )
# Java VM: Java HotSpot(TM) 64-Bit Server VM (25.341-b10 mixed mode windows-amd64 compressed oops)
# Failed to write core dump. Minidumps are not enabled by default on client versions of Windows
#

---------------  T H R E A D  ---------------

Current thread (0x000002c4ac19e000):  JavaThread "Unknown thread" [_thread_in_vm, id=86060, stack(0x000000e166b00000,0x000000e166c00000)]

Stack: [0x000000e166b00000,0x000000e166c00000]
Native frames: (J=compiled Java code, j=interpreted, Vv=VM code, C=native code)
V  [jvm.dll+0x32fa99]
V  [jvm.dll+0x275ff2]
V  [jvm.dll+0x276c9d]
V  [jvm.dll+0x26d645]
V  [jvm.dll+0x509d]
V  [jvm.dll+0x3d4203]
V  [jvm.dll+0x3d4c18]
V  [jvm.dll+0xfd12f]
V  [jvm.dll+0x20a71b]
V  [jvm.dll+0x239267]
V  [jvm.dll+0x162c56]
C  [java.exe+0x2312]
C  [java.exe+0x15f54]
C  [KERNEL32.DLL+0x126ad]
C  [ntdll.dll+0x5aa68]


---------------  P R O C E S S  ---------------

Java Threads: ( => current thread )

Other Threads:

=>0x000002c4ac19e000 (exited) JavaThread "Unknown thread" [_thread_in_vm, id=86060, stack(0x000000e166b00000,0x000000e166c00000)]

VM state:not at safepoint (normal execution)

VM Mutex/Monitor currently owned by a thread: None

heap address: 0x00000005c5200000, size: 8110 MB, Compressed Oops mode: Zero based, Oop shift amount: 3
Narrow klass base: 0x0000000000000000, Narrow klass shift: 3
Compressed class space size: 1073741824 Address: 0x00000007c0000000

Heap:
 PSYoungGen      total 151552K, used 2600K [0x0000000717100000, 0x0000000721a00000, 0x00000007c0000000)
  eden space 130048K, 2% used [0x0000000717100000,0x000000071738a3e0,0x000000071f000000)
  from space 21504K, 0% used [0x0000000720500000,0x0000000720500000,0x0000000721a00000)
  to   space 21504K, 0% used [0x000000071f000000,0x000000071f000000,0x0000000720500000)
 ParOldGen       total 347136K, used 0K [0x00000005c5200000, 0x00000005da500000, 0x0000000717100000)
  object space 347136K, 0% used [0x00000005c5200000,0x00000005c5200000,0x00000005da500000)
 Metaspace       used 778K, capacity 4480K, committed 4480K, reserved 1056768K
  class space    used 76K, capacity 384K, committed 384K, reserved 1048576K

Card table byte_map: [0x000002c4bd100000,0x000002c4be0e0000] byte_map_base: 0x000002c4ba2d7000

Marking Bits: (ParMarkBitMap*) 0x00000000629c9030
 Begin Bits: [0x000002c4beb70000, 0x000002c4c6a28000)
 End Bits:   [0x000002c4c6a28000, 0x000002c4ce8e0000)

Polling page: 0x000002c4ac540000

CodeCache: size=245760Kb used=329Kb max_used=329Kb free=245430Kb
 bounds [0x000002c4add40000, 0x000002c4adfb0000, 0x000002c4bcd40000]
 total_blobs=58 nmethods=0 adapters=38
 compilation: enabled

Compilation events (0 events):
No events

GC Heap History (0 events):
No events

Deoptimization events (0 events):
No events

Classes redefined (0 events):
No events

Internal exceptions (0 events):
No events

Events (10 events):
Event: 0.024 loading class java/lang/Short
Event: 0.024 loading class java/lang/Short done
Event: 0.024 loading class java/lang/Integer
Event: 0.025 loading class java/lang/Integer done
Event: 0.025 loading class java/lang/Long
Event: 0.025 loading class java/lang/Long done
Event: 0.025 loading class java/lang/NullPointerException
Event: 0.025 loading class java/lang/NullPointerException done
Event: 0.025 loading class java/lang/ArithmeticException
Event: 0.025 loading class java/lang/ArithmeticException done


Dynamic libraries:
0x00007ff70ddf0000 - 0x00007ff70de37000 	C:\Program Files\Java\jdk1.8.0_341\bin\java.exe
0x00007ffd94dd0000 - 0x00007ffd94fe4000 	C:\WINDOWS\SYSTEM32\ntdll.dll
0x00007ffd94030000 - 0x00007ffd940f4000 	C:\WINDOWS\System32\KERNEL32.DLL
0x00007ffd921b0000 - 0x00007ffd92554000 	C:\WINDOWS\System32\KERNELBASE.dll
0x00007ffd942a0000 - 0x00007ffd94350000 	C:\WINDOWS\System32\ADVAPI32.dll
0x00007ffd94b50000 - 0x00007ffd94bf7000 	C:\WINDOWS\System32\msvcrt.dll
0x00007ffd941e0000 - 0x00007ffd94286000 	C:\WINDOWS\System32\sechost.dll
0x00007ffd93290000 - 0x00007ffd933a7000 	C:\WINDOWS\System32\RPCRT4.dll
0x00007ffd933b0000 - 0x00007ffd9355a000 	C:\WINDOWS\System32\USER32.dll
0x00007ffd927f0000 - 0x00007ffd92816000 	C:\WINDOWS\System32\win32u.dll
0x00007ffd94a00000 - 0x00007ffd94a29000 	C:\WINDOWS\System32\GDI32.dll
0x00007ffd92560000 - 0x00007ffd92679000 	C:\WINDOWS\System32\gdi32full.dll
0x00007ffd92950000 - 0x00007ffd929ea000 	C:\WINDOWS\System32\msvcp_win.dll
0x00007ffd929f0000 - 0x00007ffd92b01000 	C:\WINDOWS\System32\ucrtbase.dll
0x00007ffd7da30000 - 0x00007ffd7dcbf000 	C:\WINDOWS\WinSxS\amd64_microsoft.windows.common-controls_6595b64144ccf1df_6.0.22621.2070_none_2713e6537381f706\COMCTL32.dll
0x00007ffd947f0000 - 0x00007ffd94821000 	C:\WINDOWS\System32\IMM32.DLL
0x00007ffd88440000 - 0x00007ffd88455000 	C:\Program Files\Java\jdk1.8.0_341\jre\bin\vcruntime140.dll
0x00007ffd883a0000 - 0x00007ffd8843b000 	C:\Program Files\Java\jdk1.8.0_341\jre\bin\msvcp140.dll
0x00000000621e0000 - 0x0000000062a41000 	C:\Program Files\Java\jdk1.8.0_341\jre\bin\server\jvm.dll
0x00007ffd94290000 - 0x00007ffd94298000 	C:\WINDOWS\System32\PSAPI.DLL
0x00007ffd88250000 - 0x00007ffd88284000 	C:\WINDOWS\SYSTEM32\WINMM.dll
0x00007ffd78830000 - 0x00007ffd78839000 	C:\WINDOWS\SYSTEM32\WSOCK32.dll
0x00007ffd946e0000 - 0x00007ffd94751000 	C:\WINDOWS\System32\WS2_32.dll
0x00007ffd85ff0000 - 0x00007ffd85ffa000 	C:\WINDOWS\SYSTEM32\VERSION.dll
0x00007ffd912e0000 - 0x00007ffd912f8000 	C:\WINDOWS\SYSTEM32\kernel.appcore.dll
0x00007ffd89540000 - 0x00007ffd89550000 	C:\Program Files\Java\jdk1.8.0_341\jre\bin\verify.dll
0x00007ffd7d840000 - 0x00007ffd7d86b000 	C:\Program Files\Java\jdk1.8.0_341\jre\bin\java.dll
0x00007ffd7b610000 - 0x00007ffd7b640000 	C:\Program Files\Java\jdk1.8.0_341\jre\bin\instrument.dll
0x00007ffd80770000 - 0x00007ffd80788000 	C:\Program Files\Java\jdk1.8.0_341\jre\bin\zip.dll
0x00007ffd8faa0000 - 0x00007ffd8fcce000 	C:\WINDOWS\SYSTEM32\dbghelp.dll
0x00007ffd94350000 - 0x00007ffd946da000 	C:\WINDOWS\System32\combase.dll
0x00007ffd94100000 - 0x00007ffd941d7000 	C:\WINDOWS\System32\OLEAUT32.dll
0x00007ffd92b10000 - 0x00007ffd92b8a000 	C:\WINDOWS\System32\bcryptPrimitives.dll

VM Arguments:
jvm_args: -Dvisualvm.id=2416895675752400 -Dvisualgc.id=2416895675698300 -javaagent:D:\develop_tools\IntelliJ IDEA 2022.2.2\lib\idea_rt.jar=12519:D:\develop_tools\IntelliJ IDEA 2022.2.2\bin -Dfile.encoding=UTF-8 
java_command: proxy.JdkProxy
java_class_path (initial): C:\Program Files\Java\jdk1.8.0_341\jre\lib\charsets.jar;C:\Program Files\Java\jdk1.8.0_341\jre\lib\deploy.jar;C:\Program Files\Java\jdk1.8.0_341\jre\lib\ext\access-bridge-64.jar;C:\Program Files\Java\jdk1.8.0_341\jre\lib\ext\cldrdata.jar;C:\Program Files\Java\jdk1.8.0_341\jre\lib\ext\dnsns.jar;C:\Program Files\Java\jdk1.8.0_341\jre\lib\ext\jaccess.jar;C:\Program Files\Java\jdk1.8.0_341\jre\lib\ext\jfxrt.jar;C:\Program Files\Java\jdk1.8.0_341\jre\lib\ext\localedata.jar;C:\Program Files\Java\jdk1.8.0_341\jre\lib\ext\nashorn.jar;C:\Program Files\Java\jdk1.8.0_341\jre\lib\ext\sunec.jar;C:\Program Files\Java\jdk1.8.0_341\jre\lib\ext\sunjce_provider.jar;C:\Program Files\Java\jdk1.8.0_341\jre\lib\ext\sunmscapi.jar;C:\Program Files\Java\jdk1.8.0_341\jre\lib\ext\sunpkcs11.jar;C:\Program Files\Java\jdk1.8.0_341\jre\lib\ext\zipfs.jar;C:\Program Files\Java\jdk1.8.0_341\jre\lib\javaws.jar;C:\Program Files\Java\jdk1.8.0_341\jre\lib\jce.jar;C:\Program Files\Java\jdk1.8.0_341\jre\lib\jfr.jar;C:\Program Files\Java\jdk1.8.0_341\jre\lib\jfxswt.jar;C:\Program Files\Java\jdk1.8.0_341\jre\lib\jsse.jar;C:\Program Files\Java\jdk1.8.0_341\jre\lib\management-agent.jar;C:\Program Files\Java\jdk1.8.0_341\jre\lib\plugin.jar;C:\Program Files\Java\jdk1.8.0_341\jre\lib\resources.jar;C:\Program Files\Java\jdk1.8.0_341\jre\lib\rt.jar;D:\develop_tools\IntelliJ IDEA 2022.2.2\ideaProjects\MyProjects\MyJava\target\classes;D:\tools\repository\com\squareup\javapoet\1.13.0\javapoet-1.13.0.jar;D:\tools\repository\org\projectlombok\lombok\1.18.20\lombok-1.18.20.jar;D:\develop_tools\IntelliJ IDEA 2022.2.2\lib\idea_rt.jar
Launcher Type: SUN_STANDARD

Environment Variables:
JAVA_HOME=C:\Program Files\Java\jdk1.8.0_341
JRE_HOME=C:\Program Files\Java\jre1.8.0_341
PATH=C:\windows\system32;C:\windows;C:\windows\System32\Wbem;C:\windows\System32\WindowsPowerShell\v1.0\;C:\windows\System32\OpenSSH\;C:\Program Files (x86)\NVIDIA Corporation\PhysX\Common;C:\Program Files\NVIDIA Corporation\NVIDIA NvDLISR;D:\develop_tools\git\Git\cmd;D:\develop_tools\maven\apache-maven-3.8.6\bin;C:\Program Files\MySQL\MySQL Server 8.0\bin;C:\WINDOWS\system32;C:\WINDOWS;C:\WINDOWS\System32\Wbem;C:\WINDOWS\System32\WindowsPowerShell\v1.0\;C:\WINDOWS\System32\OpenSSH\;C:\Program Files\Java\jdk1.8.0_341\bin;D:\develop_tools\redis;C:\Program Files (x86)\Common Files\Oracle\Java\javapath;C:\Program Files\Common Files\Oracle\Java\javapath;C:\Program Files\MySQL\MySQL Server 8.0\bin;D:\开发工具\xshell\;D:\开发工具\xftp7\;D:\develop_tools\mvnd\maven-mvnd-1.0-m6-m40-windows-amd64\bin;D:\vue\nodejs\;C:\Program Files\MySQL\MySQL Shell 8.0\bin\;C:\Users\84449\AppData\Local\Microsoft\WindowsApps;;D:\开发工具\IntelliJ IDEA 2022.2.2\bin;;D:\develop_tools\fiddler;D:\develop_tools\vscode\Microsoft VS Code\bin;C:\Users\84449\AppData\Roaming\npm
USERNAME=84449
OS=Windows_NT
PROCESSOR_IDENTIFIER=Intel64 Family 6 Model 154 Stepping 3, GenuineIntel



---------------  S Y S T E M  ---------------

OS: Windows 11 , 64 bit Build 22621 (10.0.22621.2070)

CPU:total 20 (initial active 10) (20 cores per cpu, 1 threads per core) family 6 model 154 stepping 3, cmov, cx8, fxsr, mmx, sse, sse2, sse3, ssse3, sse4.1, sse4.2, popcnt, avx, avx2, aes, clmul, erms, 3dnowpref, lzcnt, tsc, tscinvbit, bmi1, bmi2, adx

Memory: 4k page, physical 33213708k(1326308k free), swap 65839240k(12152k free)

vm_info: Java HotSpot(TM) 64-Bit Server VM (25.341-b10) for windows-amd64 JRE (1.8.0_341-b10), built on Jun 16 2022 15:51:07 by "java_re" with MS VC++ 15.9 (VS2017)

time: Sun Sep 10 16:08:32 2023
timezone: Intel64 Family 6 Model 154 Stepping 3, GenuineIntel
elapsed time: 0.044166 seconds (0d 0h 0m 0s)

